{"C:\\Users\\tomas\\Desktop\\Curso React y Typescript\\rest_api_node_ts_server\\src\\router.ts": {"path":"C:\\Users\\tomas\\Desktop\\Curso React y Typescript\\rest_api_node_ts_server\\src\\router.ts","statementMap":{"0":{"start":{"line":1,"column":0},"end":{"line":1,"column":32}},"1":{"start":{"line":2,"column":0},"end":{"line":2,"column":48}},"2":{"start":{"line":3,"column":0},"end":{"line":3,"column":136}},"3":{"start":{"line":4,"column":0},"end":{"line":4,"column":49}},"4":{"start":{"line":6,"column":15},"end":{"line":6,"column":23}},"5":{"start":{"line":11,"column":0},"end":{"line":14,"column":null}},"6":{"start":{"line":17,"column":0},"end":{"line":24,"column":null}},"7":{"start":{"line":27,"column":0},"end":{"line":38,"column":null}},"8":{"start":{"line":35,"column":25},"end":{"line":35,"column":34}},"9":{"start":{"line":41,"column":0},"end":{"line":56,"column":null}},"10":{"start":{"line":51,"column":25},"end":{"line":51,"column":34}},"11":{"start":{"line":59,"column":0},"end":{"line":66,"column":null}},"12":{"start":{"line":69,"column":0},"end":{"line":76,"column":null}},"13":{"start":{"line":78,"column":0},"end":{"line":78,"column":null}}},"fnMap":{"0":{"name":"(anonymous_0)","decl":{"start":{"line":35,"column":16},"end":{"line":35,"column":21}},"loc":{"start":{"line":35,"column":25},"end":{"line":35,"column":34}}},"1":{"name":"(anonymous_1)","decl":{"start":{"line":51,"column":16},"end":{"line":51,"column":21}},"loc":{"start":{"line":51,"column":25},"end":{"line":51,"column":34}}}},"branchMap":{},"s":{"0":2,"1":2,"2":2,"3":2,"4":2,"5":2,"6":2,"7":2,"8":4,"9":2,"10":5,"11":2,"12":2,"13":2},"f":{"0":4,"1":5},"b":{}}
,"C:\\Users\\tomas\\Desktop\\Curso React y Typescript\\rest_api_node_ts_server\\src\\server.ts": {"path":"C:\\Users\\tomas\\Desktop\\Curso React y Typescript\\rest_api_node_ts_server\\src\\server.ts","statementMap":{"0":{"start":{"line":7,"column":0},"end":{"line":7,"column":7}},"1":{"start":{"line":1,"column":0},"end":{"line":1,"column":30}},"2":{"start":{"line":2,"column":0},"end":{"line":2,"column":30}},"3":{"start":{"line":3,"column":0},"end":{"line":3,"column":28}},"4":{"start":{"line":4,"column":0},"end":{"line":4,"column":27}},"5":{"start":{"line":8,"column":4},"end":{"line":15,"column":5}},"6":{"start":{"line":9,"column":8},"end":{"line":9,"column":null}},"7":{"start":{"line":10,"column":8},"end":{"line":10,"column":null}},"8":{"start":{"line":14,"column":8},"end":{"line":14,"column":null}},"9":{"start":{"line":18,"column":0},"end":{"line":18,"column":null}},"10":{"start":{"line":21,"column":15},"end":{"line":21,"column":24}},"11":{"start":{"line":24,"column":0},"end":{"line":24,"column":null}},"12":{"start":{"line":26,"column":0},"end":{"line":26,"column":null}},"13":{"start":{"line":28,"column":0},"end":{"line":30,"column":null}},"14":{"start":{"line":29,"column":4},"end":{"line":29,"column":null}},"15":{"start":{"line":32,"column":0},"end":{"line":32,"column":null}}},"fnMap":{"0":{"name":"connectDB","decl":{"start":{"line":7,"column":22},"end":{"line":7,"column":31}},"loc":{"start":{"line":7,"column":31},"end":{"line":16,"column":1}}},"1":{"name":"(anonymous_2)","decl":{"start":{"line":28,"column":19},"end":{"line":28,"column":20}},"loc":{"start":{"line":28,"column":32},"end":{"line":30,"column":1}}}},"branchMap":{},"s":{"0":2,"1":2,"2":2,"3":2,"4":2,"5":3,"6":3,"7":2,"8":1,"9":2,"10":2,"11":2,"12":2,"13":2,"14":1,"15":2},"f":{"0":3,"1":1},"b":{}}
,"C:\\Users\\tomas\\Desktop\\Curso React y Typescript\\rest_api_node_ts_server\\src\\config\\db.ts": {"path":"C:\\Users\\tomas\\Desktop\\Curso React y Typescript\\rest_api_node_ts_server\\src\\config\\db.ts","statementMap":{"0":{"start":{"line":1,"column":0},"end":{"line":1,"column":49}},"1":{"start":{"line":2,"column":0},"end":{"line":2,"column":28}},"2":{"start":{"line":3,"column":0},"end":{"line":3,"column":24}},"3":{"start":{"line":4,"column":0},"end":{"line":4,"column":46}},"4":{"start":{"line":6,"column":0},"end":{"line":6,"column":16}},"5":{"start":{"line":9,"column":16},"end":{"line":9,"column":30}},"6":{"start":{"line":11,"column":11},"end":{"line":15,"column":2}},"7":{"start":{"line":17,"column":0},"end":{"line":17,"column":54}},"8":{"start":{"line":19,"column":0},"end":{"line":19,"column":18}}},"fnMap":{},"branchMap":{},"s":{"0":2,"1":2,"2":2,"3":2,"4":2,"5":2,"6":2,"7":2,"8":2},"f":{},"b":{}}
,"C:\\Users\\tomas\\Desktop\\Curso React y Typescript\\rest_api_node_ts_server\\src\\handers\\product.ts": {"path":"C:\\Users\\tomas\\Desktop\\Curso React y Typescript\\rest_api_node_ts_server\\src\\handers\\product.ts","statementMap":{"0":{"start":{"line":2,"column":0},"end":{"line":2,"column":46}},"1":{"start":{"line":5,"column":27},"end":{"line":19,"column":1}},"2":{"start":{"line":6,"column":4},"end":{"line":18,"column":5}},"3":{"start":{"line":7,"column":25},"end":{"line":14,"column":10}},"4":{"start":{"line":15,"column":8},"end":{"line":15,"column":null}},"5":{"start":{"line":5,"column":13},"end":{"line":5,"column":27}},"6":{"start":{"line":22,"column":30},"end":{"line":36,"column":1}},"7":{"start":{"line":23,"column":4},"end":{"line":35,"column":5}},"8":{"start":{"line":24,"column":23},"end":{"line":24,"column":33}},"9":{"start":{"line":25,"column":24},"end":{"line":25,"column":50}},"10":{"start":{"line":27,"column":8},"end":{"line":30,"column":9}},"11":{"start":{"line":28,"column":12},"end":{"line":28,"column":null}},"12":{"start":{"line":29,"column":12},"end":{"line":29,"column":18}},"13":{"start":{"line":32,"column":8},"end":{"line":32,"column":null}},"14":{"start":{"line":22,"column":13},"end":{"line":22,"column":30}},"15":{"start":{"line":39,"column":29},"end":{"line":51,"column":1}},"16":{"start":{"line":41,"column":4},"end":{"line":50,"column":5}},"17":{"start":{"line":43,"column":24},"end":{"line":43,"column":45}},"18":{"start":{"line":44,"column":29},"end":{"line":44,"column":49}},"19":{"start":{"line":46,"column":8},"end":{"line":46,"column":null}},"20":{"start":{"line":39,"column":13},"end":{"line":39,"column":29}},"21":{"start":{"line":54,"column":29},"end":{"line":74,"column":1}},"22":{"start":{"line":55,"column":4},"end":{"line":73,"column":5}},"23":{"start":{"line":58,"column":23},"end":{"line":58,"column":33}},"24":{"start":{"line":59,"column":24},"end":{"line":59,"column":50}},"25":{"start":{"line":61,"column":8},"end":{"line":64,"column":9}},"26":{"start":{"line":62,"column":12},"end":{"line":62,"column":null}},"27":{"start":{"line":63,"column":12},"end":{"line":63,"column":18}},"28":{"start":{"line":67,"column":8},"end":{"line":67,"column":null}},"29":{"start":{"line":68,"column":8},"end":{"line":68,"column":null}},"30":{"start":{"line":70,"column":8},"end":{"line":70,"column":null}},"31":{"start":{"line":54,"column":13},"end":{"line":54,"column":29}},"32":{"start":{"line":77,"column":41},"end":{"line":97,"column":1}},"33":{"start":{"line":78,"column":4},"end":{"line":96,"column":5}},"34":{"start":{"line":81,"column":23},"end":{"line":81,"column":33}},"35":{"start":{"line":82,"column":24},"end":{"line":82,"column":50}},"36":{"start":{"line":84,"column":8},"end":{"line":87,"column":9}},"37":{"start":{"line":85,"column":12},"end":{"line":85,"column":null}},"38":{"start":{"line":86,"column":12},"end":{"line":86,"column":18}},"39":{"start":{"line":90,"column":8},"end":{"line":90,"column":null}},"40":{"start":{"line":91,"column":8},"end":{"line":91,"column":null}},"41":{"start":{"line":93,"column":8},"end":{"line":93,"column":null}},"42":{"start":{"line":77,"column":13},"end":{"line":77,"column":41}},"43":{"start":{"line":100,"column":29},"end":{"line":119,"column":1}},"44":{"start":{"line":101,"column":4},"end":{"line":118,"column":5}},"45":{"start":{"line":104,"column":23},"end":{"line":104,"column":33}},"46":{"start":{"line":105,"column":24},"end":{"line":105,"column":50}},"47":{"start":{"line":107,"column":8},"end":{"line":110,"column":9}},"48":{"start":{"line":108,"column":12},"end":{"line":108,"column":null}},"49":{"start":{"line":109,"column":12},"end":{"line":109,"column":18}},"50":{"start":{"line":113,"column":8},"end":{"line":113,"column":null}},"51":{"start":{"line":115,"column":8},"end":{"line":115,"column":null}},"52":{"start":{"line":100,"column":13},"end":{"line":100,"column":29}}},"fnMap":{"0":{"name":"(anonymous_1)","decl":{"start":{"line":5,"column":27},"end":{"line":5,"column":32}},"loc":{"start":{"line":5,"column":81},"end":{"line":19,"column":1}}},"1":{"name":"(anonymous_2)","decl":{"start":{"line":22,"column":30},"end":{"line":22,"column":35}},"loc":{"start":{"line":22,"column":84},"end":{"line":36,"column":1}}},"2":{"name":"(anonymous_3)","decl":{"start":{"line":39,"column":29},"end":{"line":39,"column":34}},"loc":{"start":{"line":39,"column":83},"end":{"line":51,"column":1}}},"3":{"name":"(anonymous_4)","decl":{"start":{"line":54,"column":29},"end":{"line":54,"column":34}},"loc":{"start":{"line":54,"column":83},"end":{"line":74,"column":1}}},"4":{"name":"(anonymous_5)","decl":{"start":{"line":77,"column":41},"end":{"line":77,"column":46}},"loc":{"start":{"line":77,"column":95},"end":{"line":97,"column":1}}},"5":{"name":"(anonymous_6)","decl":{"start":{"line":100,"column":29},"end":{"line":100,"column":34}},"loc":{"start":{"line":100,"column":83},"end":{"line":119,"column":1}}}},"branchMap":{"0":{"loc":{"start":{"line":27,"column":8},"end":{"line":30,"column":9}},"type":"if","locations":[{"start":{"line":27,"column":8},"end":{"line":30,"column":9}}]},"1":{"loc":{"start":{"line":61,"column":8},"end":{"line":64,"column":9}},"type":"if","locations":[{"start":{"line":61,"column":8},"end":{"line":64,"column":9}}]},"2":{"loc":{"start":{"line":84,"column":8},"end":{"line":87,"column":9}},"type":"if","locations":[{"start":{"line":84,"column":8},"end":{"line":87,"column":9}}]},"3":{"loc":{"start":{"line":107,"column":8},"end":{"line":110,"column":9}},"type":"if","locations":[{"start":{"line":107,"column":8},"end":{"line":110,"column":9}}]}},"s":{"0":2,"1":2,"2":2,"3":2,"4":2,"5":2,"6":2,"7":2,"8":2,"9":2,"10":2,"11":1,"12":1,"13":1,"14":2,"15":2,"16":1,"17":1,"18":1,"19":1,"20":2,"21":2,"22":2,"23":2,"24":2,"25":2,"26":1,"27":1,"28":1,"29":1,"30":1,"31":2,"32":2,"33":2,"34":2,"35":2,"36":2,"37":1,"38":1,"39":1,"40":1,"41":1,"42":2,"43":2,"44":2,"45":2,"46":2,"47":2,"48":1,"49":1,"50":1,"51":1,"52":2},"f":{"0":2,"1":2,"2":1,"3":2,"4":2,"5":2},"b":{"0":[1],"1":[1],"2":[1],"3":[1]}}
,"C:\\Users\\tomas\\Desktop\\Curso React y Typescript\\rest_api_node_ts_server\\src\\middleware\\index.ts": {"path":"C:\\Users\\tomas\\Desktop\\Curso React y Typescript\\rest_api_node_ts_server\\src\\middleware\\index.ts","statementMap":{"0":{"start":{"line":2,"column":0},"end":{"line":2,"column":53}},"1":{"start":{"line":4,"column":33},"end":{"line":15,"column":1}},"2":{"start":{"line":7,"column":19},"end":{"line":7,"column":40}},"3":{"start":{"line":8,"column":4},"end":{"line":11,"column":5}},"4":{"start":{"line":9,"column":8},"end":{"line":9,"column":57}},"5":{"start":{"line":10,"column":8},"end":{"line":10,"column":15}},"6":{"start":{"line":14,"column":4},"end":{"line":14,"column":11}},"7":{"start":{"line":4,"column":13},"end":{"line":4,"column":33}}},"fnMap":{"0":{"name":"(anonymous_0)","decl":{"start":{"line":4,"column":33},"end":{"line":4,"column":34}},"loc":{"start":{"line":4,"column":85},"end":{"line":15,"column":1}}}},"branchMap":{"0":{"loc":{"start":{"line":8,"column":4},"end":{"line":11,"column":5}},"type":"if","locations":[{"start":{"line":8,"column":4},"end":{"line":11,"column":5}}]}},"s":{"0":2,"1":2,"2":18,"3":18,"4":9,"5":9,"6":9,"7":2},"f":{"0":18},"b":{"0":[9]}}
,"C:\\Users\\tomas\\Desktop\\Curso React y Typescript\\rest_api_node_ts_server\\src\\models\\Product.model.ts": {"path":"C:\\Users\\tomas\\Desktop\\Curso React y Typescript\\rest_api_node_ts_server\\src\\models\\Product.model.ts","statementMap":{"0":{"start":{"line":1,"column":0},"end":{"line":1,"column":70}},"1":{"start":{"line":7,"column":0},"end":{"line":26,"column":null}},"2":{"start":{"line":12,"column":12},"end":{"line":12,"column":null}},"3":{"start":{"line":18,"column":12},"end":{"line":18,"column":null}},"4":{"start":{"line":25,"column":12},"end":{"line":25,"column":null}},"5":{"start":{"line":7,"column":6},"end":{"line":26,"column":null}},"6":{"start":{"line":28,"column":0},"end":{"line":28,"column":null}}},"fnMap":{},"branchMap":{},"s":{"0":3,"1":3,"2":3,"3":3,"4":3,"5":3,"6":3},"f":{},"b":{}}
}
