TN:
SF:src\router.ts
FN:35,(anonymous_0)
FN:51,(anonymous_1)
FNF:2
FNH:2
FNDA:4,(anonymous_0)
FNDA:5,(anonymous_1)
DA:1,2
DA:2,2
DA:3,2
DA:4,2
DA:6,2
DA:11,2
DA:17,2
DA:27,2
DA:35,4
DA:41,2
DA:51,5
DA:59,2
DA:69,2
DA:78,2
LF:14
LH:14
BRF:0
BRH:0
end_of_record
TN:
SF:src\server.ts
FN:7,connectDB
FN:28,(anonymous_2)
FNF:2
FNH:2
FNDA:3,connectDB
FNDA:1,(anonymous_2)
DA:1,2
DA:2,2
DA:3,2
DA:4,2
DA:7,2
DA:8,3
DA:9,3
DA:10,2
DA:14,1
DA:18,2
DA:21,2
DA:24,2
DA:26,2
DA:28,2
DA:29,1
DA:32,2
LF:16
LH:16
BRF:0
BRH:0
end_of_record
TN:
SF:src\config\db.ts
FNF:0
FNH:0
DA:1,2
DA:2,2
DA:3,2
DA:4,2
DA:6,2
DA:9,2
DA:11,2
DA:17,2
DA:19,2
LF:9
LH:9
BRF:0
BRH:0
end_of_record
TN:
SF:src\handers\product.ts
FN:5,(anonymous_1)
FN:22,(anonymous_2)
FN:39,(anonymous_3)
FN:54,(anonymous_4)
FN:77,(anonymous_5)
FN:100,(anonymous_6)
FNF:6
FNH:6
FNDA:2,(anonymous_1)
FNDA:2,(anonymous_2)
FNDA:1,(anonymous_3)
FNDA:2,(anonymous_4)
FNDA:2,(anonymous_5)
FNDA:2,(anonymous_6)
DA:2,2
DA:5,2
DA:6,2
DA:7,2
DA:15,2
DA:22,2
DA:23,2
DA:24,2
DA:25,2
DA:27,2
DA:28,1
DA:29,1
DA:32,1
DA:39,2
DA:41,1
DA:43,1
DA:44,1
DA:46,1
DA:54,2
DA:55,2
DA:58,2
DA:59,2
DA:61,2
DA:62,1
DA:63,1
DA:67,1
DA:68,1
DA:70,1
DA:77,2
DA:78,2
DA:81,2
DA:82,2
DA:84,2
DA:85,1
DA:86,1
DA:90,1
DA:91,1
DA:93,1
DA:100,2
DA:101,2
DA:104,2
DA:105,2
DA:107,2
DA:108,1
DA:109,1
DA:113,1
DA:115,1
LF:47
LH:47
BRDA:27,0,0,1
BRDA:61,1,0,1
BRDA:84,2,0,1
BRDA:107,3,0,1
BRF:4
BRH:4
end_of_record
TN:
SF:src\middleware\index.ts
FN:4,(anonymous_0)
FNF:1
FNH:1
FNDA:18,(anonymous_0)
DA:2,2
DA:4,2
DA:7,18
DA:8,18
DA:9,9
DA:10,9
DA:14,9
LF:7
LH:7
BRDA:8,0,0,9
BRF:1
BRH:1
end_of_record
TN:
SF:src\models\Product.model.ts
FNF:0
FNH:0
DA:1,3
DA:7,3
DA:12,3
DA:18,3
DA:25,3
DA:28,3
LF:6
LH:6
BRF:0
BRH:0
end_of_record
